\BOOKMARK [0][-]{chapter.1}{\376\377\000P\000e\000n\000d\000a\000h\000u\000l\000u\000a\000n}{}% 1
\BOOKMARK [1][-]{section.1.1}{\376\377\000L\000a\000t\000a\000r\000\040\000B\000e\000l\000a\000k\000a\000n\000g}{chapter.1}% 2
\BOOKMARK [1][-]{section.1.2}{\376\377\000T\000u\000j\000u\000a\000n}{chapter.1}% 3
\BOOKMARK [1][-]{section.1.3}{\376\377\000R\000u\000a\000n\000g\000\040\000L\000i\000n\000g\000k\000u\000p}{chapter.1}% 4
\BOOKMARK [0][-]{chapter.2}{\376\377\000D\000e\000s\000k\000r\000i\000p\000s\000i\000\040\000A\000p\000l\000i\000k\000a\000s\000i}{}% 5
\BOOKMARK [1][-]{section.2.1}{\376\377\000G\000a\000m\000b\000a\000r\000a\000n\000\040\000U\000m\000u\000m}{chapter.2}% 6
\BOOKMARK [1][-]{section.2.2}{\376\377\000F\000i\000t\000u\000r\000\040\000U\000t\000a\000m\000a}{chapter.2}% 7
\BOOKMARK [1][-]{section.2.3}{\376\377\000A\000r\000s\000i\000t\000e\000k\000t\000u\000r\000\040\000S\000i\000s\000t\000e\000m}{chapter.2}% 8
\BOOKMARK [0][-]{chapter.3}{\376\377\000D\000e\000s\000k\000r\000i\000p\000s\000i\000\040\000P\000r\000o\000g\000r\000a\000m}{}% 9
\BOOKMARK [1][-]{section.3.1}{\376\377\000S\000t\000r\000u\000k\000t\000u\000r\000\040\000P\000r\000o\000y\000e\000k}{chapter.3}% 10
\BOOKMARK [1][-]{section.3.2}{\376\377\000M\000o\000d\000u\000l\000\040\000P\000r\000o\000g\000r\000a\000m}{chapter.3}% 11
\BOOKMARK [2][-]{subsection.3.2.1}{\376\377\000p\000r\000e\000p\000r\000o\000c\000e\000s\000s\000o\000r\000.\000p\000y}{section.3.2}% 12
\BOOKMARK [2][-]{subsection.3.2.2}{\376\377\000p\000a\000r\000s\000e\000r\000.\000p\000y}{section.3.2}% 13
\BOOKMARK [2][-]{subsection.3.2.3}{\376\377\000i\000n\000d\000e\000x\000e\000r\000.\000p\000y}{section.3.2}% 14
\BOOKMARK [2][-]{subsection.3.2.4}{\376\377\000w\000o\000r\000d\0002\000v\000e\000c\000\137\000e\000n\000g\000i\000n\000e\000.\000p\000y}{section.3.2}% 15
\BOOKMARK [2][-]{subsection.3.2.5}{\376\377\000q\000u\000e\000r\000y\000\137\000e\000x\000p\000a\000n\000s\000i\000o\000n\000.\000p\000y}{section.3.2}% 16
\BOOKMARK [2][-]{subsection.3.2.6}{\376\377\000e\000v\000a\000l\000u\000a\000t\000o\000r\000.\000p\000y}{section.3.2}% 17
\BOOKMARK [1][-]{section.3.3}{\376\377\000A\000l\000u\000r\000\040\000P\000r\000o\000g\000r\000a\000m}{chapter.3}% 18
\BOOKMARK [0][-]{chapter.4}{\376\377\000L\000i\000b\000r\000a\000r\000y\000\040\000d\000a\000n\000\040\000D\000e\000p\000e\000n\000d\000e\000n\000c\000i\000e\000s}{}% 19
\BOOKMARK [1][-]{section.4.1}{\376\377\000P\000y\000t\000h\000o\000n\000\040\000P\000a\000c\000k\000a\000g\000e\000s}{chapter.4}% 20
\BOOKMARK [1][-]{section.4.2}{\376\377\000W\000o\000r\000d\0002\000V\000e\000c\000\040\000M\000o\000d\000e\000l}{chapter.4}% 21
\BOOKMARK [1][-]{section.4.3}{\376\377\000F\000r\000o\000n\000t\000e\000n\000d}{chapter.4}% 22
\BOOKMARK [0][-]{chapter.5}{\376\377\000H\000a\000s\000i\000l\000\040\000E\000k\000s\000p\000e\000r\000i\000m\000e\000n}{}% 23
\BOOKMARK [1][-]{section.5.1}{\376\377\000S\000e\000t\000u\000p\000\040\000E\000k\000s\000p\000e\000r\000i\000m\000e\000n}{chapter.5}% 24
\BOOKMARK [1][-]{section.5.2}{\376\377\000M\000e\000t\000r\000i\000k\000\040\000E\000v\000a\000l\000u\000a\000s\000i}{chapter.5}% 25
\BOOKMARK [2][-]{subsection.5.2.1}{\376\377\000A\000v\000e\000r\000a\000g\000e\000\040\000P\000r\000e\000c\000i\000s\000i\000o\000n\000\040\000\050\000A\000P\000\051}{section.5.2}% 26
\BOOKMARK [2][-]{subsection.5.2.2}{\376\377\000M\000e\000a\000n\000\040\000A\000v\000e\000r\000a\000g\000e\000\040\000P\000r\000e\000c\000i\000s\000i\000o\000n\000\040\000\050\000M\000A\000P\000\051}{section.5.2}% 27
\BOOKMARK [1][-]{section.5.3}{\376\377\000H\000a\000s\000i\000l\000\040\000O\000v\000e\000r\000a\000l\000l}{chapter.5}% 28
\BOOKMARK [1][-]{section.5.4}{\376\377\000H\000a\000s\000i\000l\000\040\000P\000e\000r\000-\000Q\000u\000e\000r\000y}{chapter.5}% 29
\BOOKMARK [1][-]{section.5.5}{\376\377\000A\000n\000a\000l\000i\000s\000i\000s\000\040\000P\000e\000r\000b\000a\000n\000d\000i\000n\000g\000a\000n\000\040\000M\000A\000P\000\040\000O\000r\000i\000g\000i\000n\000a\000l\000\040\000v\000s\000\040\000E\000x\000p\000a\000n\000d\000e\000d}{chapter.5}% 30
\BOOKMARK [1][-]{section.5.6}{\376\377\000S\000c\000r\000e\000e\000n\000s\000h\000o\000t\000\040\000A\000p\000l\000i\000k\000a\000s\000i}{chapter.5}% 31
\BOOKMARK [0][-]{chapter.6}{\376\377\000P\000e\000m\000b\000a\000g\000i\000a\000n\000\040\000T\000u\000g\000a\000s}{}% 32
\BOOKMARK [1][-]{section.6.1}{\376\377\000A\000n\000g\000g\000o\000t\000a\000\040\000K\000e\000l\000o\000m\000p\000o\000k}{chapter.6}% 33
\BOOKMARK [1][-]{section.6.2}{\376\377\000D\000e\000t\000a\000i\000l\000\040\000T\000u\000g\000a\000s}{chapter.6}% 34
\BOOKMARK [2][-]{subsection.6.2.1}{\376\377\000P\000r\000o\000g\000r\000a\000m\000m\000e\000r\000\040\0001\000\040\000-\000\040\000O\000r\000v\000i\000n\000\040\000A\000n\000d\000i\000k\000a\000\040\000I\000k\000h\000s\000a\000n\000\040\000A\000b\000h\000i\000s\000t\000a\000\040\000\050\0001\0003\0005\0002\0003\0000\0001\0007\000\051}{section.6.2}% 35
\BOOKMARK [2][-]{subsection.6.2.2}{\376\377\000P\000r\000o\000g\000r\000a\000m\000m\000e\000r\000\040\0002\000\040\000-\000\040\000F\000a\000j\000a\000r\000\040\000K\000u\000r\000n\000i\000a\000w\000a\000n\000\040\000\050\0001\0003\0005\0002\0003\0000\0002\0007\000\051}{section.6.2}% 36
\BOOKMARK [2][-]{subsection.6.2.3}{\376\377\000P\000r\000o\000g\000r\000a\000m\000m\000e\000r\000\040\0003\000\040\000-\000\040\000S\000a\000l\000m\000a\000n\000\040\000H\000a\000n\000i\000f\000\040\000\050\0001\0003\0005\0002\0003\0000\0005\0006\000\051}{section.6.2}% 37
\BOOKMARK [2][-]{subsection.6.2.4}{\376\377\000P\000r\000o\000g\000r\000a\000m\000m\000e\000r\000\040\0004\000\040\000-\000\040\000A\000r\000y\000o\000\040\000W\000i\000s\000a\000n\000g\000g\000e\000n\000i\000\040\000\050\0001\0003\0005\0002\0003\0001\0000\0000\000\051}{section.6.2}% 38
\BOOKMARK [2][-]{subsection.6.2.5}{\376\377\000P\000r\000o\000g\000r\000a\000m\000m\000e\000r\000\040\0005\000\040\000-\000\040\000S\000a\000b\000i\000l\000u\000l\000\040\000H\000u\000d\000a\000\040\000\050\0001\0003\0005\0002\0003\0000\0007\0002\000\051}{section.6.2}% 39
\BOOKMARK [0][-]{chapter.7}{\376\377\000K\000e\000s\000i\000m\000p\000u\000l\000a\000n}{}% 40
\BOOKMARK [1][-]{section.7.1}{\376\377\000K\000e\000s\000i\000m\000p\000u\000l\000a\000n}{chapter.7}% 41
\BOOKMARK [1][-]{section.7.2}{\376\377\000S\000a\000r\000a\000n\000\040\000P\000e\000n\000g\000e\000m\000b\000a\000n\000g\000a\000n}{chapter.7}% 42
\BOOKMARK [0][-]{chapter.8}{\376\377\000L\000a\000m\000p\000i\000r\000a\000n}{}% 43
\BOOKMARK [1][-]{section.8.1}{\376\377\000C\000a\000r\000a\000\040\000M\000e\000n\000j\000a\000l\000a\000n\000k\000a\000n\000\040\000P\000r\000o\000g\000r\000a\000m}{chapter.8}% 44
\BOOKMARK [2][-]{subsection.8.1.1}{\376\377\000I\000n\000s\000t\000a\000l\000a\000s\000i}{section.8.1}% 45
\BOOKMARK [2][-]{subsection.8.1.2}{\376\377\000M\000e\000n\000j\000a\000l\000a\000n\000k\000a\000n\000\040\000A\000P\000I\000\040\000S\000e\000r\000v\000e\000r}{section.8.1}% 46
\BOOKMARK [2][-]{subsection.8.1.3}{\376\377\000M\000e\000n\000j\000a\000l\000a\000n\000k\000a\000n\000\040\000E\000v\000a\000l\000u\000a\000s\000i}{section.8.1}% 47
\BOOKMARK [2][-]{subsection.8.1.4}{\376\377\000M\000e\000n\000j\000a\000l\000a\000n\000k\000a\000n\000\040\000d\000e\000n\000g\000a\000n\000\040\000Q\000u\000e\000r\000y\000\040\000E\000x\000p\000a\000n\000s\000i\000o\000n}{section.8.1}% 48
\BOOKMARK [1][-]{section.8.2}{\376\377\000A\000P\000I\000\040\000E\000n\000d\000p\000o\000i\000n\000t\000s}{chapter.8}% 49
\BOOKMARK [1][-]{section.8.3}{\376\377\000R\000e\000f\000e\000r\000e\000n\000s\000i}{chapter.8}% 50
\BOOKMARK [1][-]{section.8.4}{\376\377\000F\000o\000t\000o\000\040\000A\000n\000g\000g\000o\000t\000a}{chapter.8}% 51
